nohup: ignoring input
Using gpu device 0: Tesla K80 (CNMeM is disabled, cuDNN 5103)
/home/ubuntu/anaconda2/lib/python2.7/site-packages/theano/sandbox/cuda/__init__.py:600: UserWarning: Your cuDNN version is more recent than the one Theano officially supports. If you see any problems, try updating Theano or downgrading cuDNN to version 5.
  warnings.warn(warn)
Using Theano backend.
[2017-03-29 21:49:58.147268] INFO: Logbook: Set Paramters
[2017-03-29 21:49:58.147449] INFO: Logbook: Get VGG
/home/ubuntu/anaconda2/lib/python2.7/site-packages/keras/layers/core.py:622: UserWarning: `output_shape` argument not specified for layer lambda_1 and cannot be automatically inferred with the Theano backend. Defaulting to output shape `(None, 3, 224, 224)` (same as input shape). If the expected output shape is different, specify it via the `output_shape` argument.
  .format(self.name, input_shape))
[2017-03-29 21:50:01.453390] INFO: Logbook: Create VGG
/home/ubuntu/anaconda2/lib/python2.7/site-packages/keras/layers/core.py:622: UserWarning: `output_shape` argument not specified for layer lambda_2 and cannot be automatically inferred with the Theano backend. Defaulting to output shape `(None, 3, 440, 780)` (same as input shape). If the expected output shape is different, specify it via the `output_shape` argument.
  .format(self.name, input_shape))
Found 3086 images belonging to 8 classes.
Found 691 images belonging to 8 classes.
Found 1000 images belonging to 1 classes.
[2017-03-29 21:50:01.961439] INFO: Logbook: Read filenames
[2017-03-29 21:50:04.168645] INFO: Logbook: Read in data
[2017-03-29 21:50:16.798712] INFO: Logbook: Create and fit CNN
[2017-03-29 21:50:16.966187] INFO: Logbook: Bagging Round 0
[2017-03-29 21:55:03.830785] INFO: Logbook: Bagged Validation Logloss 0.050
[2017-03-29 21:55:03.830947] INFO: Logbook: Bagged Validation Accuracy 0.977
[2017-03-29 21:55:42.373346] INFO: Logbook: Bagged Validation Logloss 0.058
[2017-03-29 21:55:42.373507] INFO: Logbook: Bagged Validation Accuracy 0.996
[2017-03-29 21:56:20.821854] INFO: Logbook: Bagged Validation Logloss 0.039
[2017-03-29 21:56:20.822014] INFO: Logbook: Bagged Validation Accuracy 1.000
[2017-03-29 21:56:59.273596] INFO: Logbook: Bagged Validation Logloss 0.030
[2017-03-29 21:56:59.273753] INFO: Logbook: Bagged Validation Accuracy 1.000
[2017-03-29 21:57:37.709246] INFO: Logbook: Bagged Validation Logloss 0.049
[2017-03-29 21:57:37.709406] INFO: Logbook: Bagged Validation Accuracy 1.000
[2017-03-29 21:58:16.152472] INFO: Logbook: Bagged Validation Logloss 0.042
[2017-03-29 21:58:16.152631] INFO: Logbook: Bagged Validation Accuracy 1.000
[2017-03-29 21:58:54.774993] INFO: Logbook: Bagged Validation Logloss 0.037
[2017-03-29 21:58:54.775152] INFO: Logbook: Bagged Validation Accuracy 1.000
[2017-03-29 21:59:33.508534] INFO: Logbook: Bagged Validation Logloss 0.032
[2017-03-29 21:59:33.508692] INFO: Logbook: Bagged Validation Accuracy 1.000
[2017-03-29 21:59:33.508784] INFO: Logbook: Bagging Round 1
[2017-03-29 22:04:23.106878] INFO: Logbook: Bagged Validation Logloss 0.031
[2017-03-29 22:04:23.107041] INFO: Logbook: Bagged Validation Accuracy 1.000
[2017-03-29 22:05:02.375194] INFO: Logbook: Bagged Validation Logloss 0.030
[2017-03-29 22:05:02.375355] INFO: Logbook: Bagged Validation Accuracy 1.000
[2017-03-29 22:05:41.395745] INFO: Logbook: Bagged Validation Logloss 0.029
[2017-03-29 22:05:41.395900] INFO: Logbook: Bagged Validation Accuracy 1.000
[2017-03-29 22:06:20.421348] INFO: Logbook: Bagged Validation Logloss 0.027
[2017-03-29 22:06:20.421511] INFO: Logbook: Bagged Validation Accuracy 1.000
[2017-03-29 22:06:59.485757] INFO: Logbook: Bagged Validation Logloss 0.026
[2017-03-29 22:06:59.485918] INFO: Logbook: Bagged Validation Accuracy 1.000
[2017-03-29 22:07:38.590438] INFO: Logbook: Bagged Validation Logloss 0.026
[2017-03-29 22:07:38.590602] INFO: Logbook: Bagged Validation Accuracy 1.000
[2017-03-29 22:08:17.727399] INFO: Logbook: Bagged Validation Logloss 0.027
[2017-03-29 22:08:17.727564] INFO: Logbook: Bagged Validation Accuracy 1.000
[2017-03-29 22:08:56.748160] INFO: Logbook: Bagged Validation Logloss 0.027
[2017-03-29 22:08:56.748330] INFO: Logbook: Bagged Validation Accuracy 1.000
[2017-03-29 22:08:56.748400] INFO: Logbook: Bagging Round 2
[2017-03-29 22:13:44.229437] INFO: Logbook: Bagged Validation Logloss 0.026
[2017-03-29 22:13:44.229602] INFO: Logbook: Bagged Validation Accuracy 1.000
[2017-03-29 22:14:22.796050] INFO: Logbook: Bagged Validation Logloss 0.026
[2017-03-29 22:14:22.796209] INFO: Logbook: Bagged Validation Accuracy 1.000
[2017-03-29 22:15:01.379019] INFO: Logbook: Bagged Validation Logloss 0.029
[2017-03-29 22:15:01.379180] INFO: Logbook: Bagged Validation Accuracy 1.000
[2017-03-29 22:15:39.948398] INFO: Logbook: Bagged Validation Logloss 0.028
[2017-03-29 22:15:39.948558] INFO: Logbook: Bagged Validation Accuracy 1.000
[2017-03-29 22:16:18.505977] INFO: Logbook: Bagged Validation Logloss 0.027
[2017-03-29 22:16:18.506141] INFO: Logbook: Bagged Validation Accuracy 1.000
[2017-03-29 22:16:57.057927] INFO: Logbook: Bagged Validation Logloss 0.026
[2017-03-29 22:16:57.058084] INFO: Logbook: Bagged Validation Accuracy 1.000
[2017-03-29 22:17:35.608947] INFO: Logbook: Bagged Validation Logloss 0.025
[2017-03-29 22:17:35.609102] INFO: Logbook: Bagged Validation Accuracy 1.000
[2017-03-29 22:18:14.196125] INFO: Logbook: Bagged Validation Logloss 0.024
[2017-03-29 22:18:14.196294] INFO: Logbook: Bagged Validation Accuracy 1.000
[2017-03-29 22:18:14.196364] INFO: Logbook: Bagging Round 3
[2017-03-29 22:23:01.509692] INFO: Logbook: Bagged Validation Logloss 0.024
[2017-03-29 22:23:01.509866] INFO: Logbook: Bagged Validation Accuracy 1.000
[2017-03-29 22:23:40.089945] INFO: Logbook: Bagged Validation Logloss 0.024
[2017-03-29 22:23:40.090104] INFO: Logbook: Bagged Validation Accuracy 1.000
[2017-03-29 22:24:18.674381] INFO: Logbook: Bagged Validation Logloss 0.025
[2017-03-29 22:24:18.674540] INFO: Logbook: Bagged Validation Accuracy 1.000
[2017-03-29 22:24:57.268578] INFO: Logbook: Bagged Validation Logloss 0.026
[2017-03-29 22:24:57.268738] INFO: Logbook: Bagged Validation Accuracy 1.000
[2017-03-29 22:25:35.888148] INFO: Logbook: Bagged Validation Logloss 0.026
[2017-03-29 22:25:35.888310] INFO: Logbook: Bagged Validation Accuracy 1.000
[2017-03-29 22:26:14.476424] INFO: Logbook: Bagged Validation Logloss 0.026
[2017-03-29 22:26:14.476585] INFO: Logbook: Bagged Validation Accuracy 1.000
[2017-03-29 22:26:53.035430] INFO: Logbook: Bagged Validation Logloss 0.025
[2017-03-29 22:26:53.035589] INFO: Logbook: Bagged Validation Accuracy 1.000
[2017-03-29 22:27:31.633045] INFO: Logbook: Bagged Validation Logloss 0.025
[2017-03-29 22:27:31.633205] INFO: Logbook: Bagged Validation Accuracy 1.000
[2017-03-29 22:27:31.633274] INFO: Logbook: Bagging Round 4
[2017-03-29 22:32:18.737584] INFO: Logbook: Bagged Validation Logloss 0.025
[2017-03-29 22:32:18.737752] INFO: Logbook: Bagged Validation Accuracy 1.000
[2017-03-29 22:32:57.216810] INFO: Logbook: Bagged Validation Logloss 0.025
[2017-03-29 22:32:57.216973] INFO: Logbook: Bagged Validation Accuracy 1.000
[2017-03-29 22:33:35.717364] INFO: Logbook: Bagged Validation Logloss 0.025
[2017-03-29 22:33:35.717526] INFO: Logbook: Bagged Validation Accuracy 1.000
[2017-03-29 22:34:14.194465] INFO: Logbook: Bagged Validation Logloss 0.025
[2017-03-29 22:34:14.194625] INFO: Logbook: Bagged Validation Accuracy 1.000
[2017-03-29 22:34:52.665255] INFO: Logbook: Bagged Validation Logloss 0.024
[2017-03-29 22:34:52.665414] INFO: Logbook: Bagged Validation Accuracy 1.000
[2017-03-29 22:35:31.175405] INFO: Logbook: Bagged Validation Logloss 0.024
[2017-03-29 22:35:31.175562] INFO: Logbook: Bagged Validation Accuracy 1.000
[2017-03-29 22:36:09.730567] INFO: Logbook: Bagged Validation Logloss 0.030
[2017-03-29 22:36:09.730727] INFO: Logbook: Bagged Validation Accuracy 1.000
[2017-03-29 22:36:48.232498] INFO: Logbook: Bagged Validation Logloss 0.029
[2017-03-29 22:36:48.232656] INFO: Logbook: Bagged Validation Accuracy 1.000
[2017-03-29 22:36:48.232725] INFO: Logbook: Bagging Round 5
[2017-03-29 22:41:35.706465] INFO: Logbook: Bagged Validation Logloss 0.028
[2017-03-29 22:41:35.706639] INFO: Logbook: Bagged Validation Accuracy 1.000
[2017-03-29 22:42:14.272729] INFO: Logbook: Bagged Validation Logloss 0.028
[2017-03-29 22:42:14.272905] INFO: Logbook: Bagged Validation Accuracy 1.000
[2017-03-29 22:42:52.830133] INFO: Logbook: Bagged Validation Logloss 0.028
[2017-03-29 22:42:52.830292] INFO: Logbook: Bagged Validation Accuracy 1.000
[2017-03-29 22:43:31.347087] INFO: Logbook: Bagged Validation Logloss 0.027
[2017-03-29 22:43:31.347247] INFO: Logbook: Bagged Validation Accuracy 1.000
[2017-03-29 22:44:09.979670] INFO: Logbook: Bagged Validation Logloss 0.027
[2017-03-29 22:44:09.979834] INFO: Logbook: Bagged Validation Accuracy 1.000
[2017-03-29 22:44:48.519137] INFO: Logbook: Bagged Validation Logloss 0.026
[2017-03-29 22:44:48.519295] INFO: Logbook: Bagged Validation Accuracy 1.000
[2017-03-29 22:45:27.093136] INFO: Logbook: Bagged Validation Logloss 0.026
[2017-03-29 22:45:27.093297] INFO: Logbook: Bagged Validation Accuracy 1.000
[2017-03-29 22:46:05.628933] INFO: Logbook: Bagged Validation Logloss 0.026
[2017-03-29 22:46:05.629091] INFO: Logbook: Bagged Validation Accuracy 1.000
[2017-03-29 22:46:05.629160] INFO: Logbook: Bagging Round 6
[2017-03-29 22:50:52.775516] INFO: Logbook: Bagged Validation Logloss 0.026
[2017-03-29 22:50:52.775682] INFO: Logbook: Bagged Validation Accuracy 1.000
[2017-03-29 22:51:31.298669] INFO: Logbook: Bagged Validation Logloss 0.025
[2017-03-29 22:51:31.298825] INFO: Logbook: Bagged Validation Accuracy 1.000
[2017-03-29 22:52:09.842304] INFO: Logbook: Bagged Validation Logloss 0.025
[2017-03-29 22:52:09.842461] INFO: Logbook: Bagged Validation Accuracy 1.000
[2017-03-29 22:52:48.483067] INFO: Logbook: Bagged Validation Logloss 0.025
[2017-03-29 22:52:48.483225] INFO: Logbook: Bagged Validation Accuracy 1.000
[2017-03-29 22:53:27.250773] INFO: Logbook: Bagged Validation Logloss 0.024
[2017-03-29 22:53:27.250931] INFO: Logbook: Bagged Validation Accuracy 1.000
[2017-03-29 22:54:06.180942] INFO: Logbook: Bagged Validation Logloss 0.024
[2017-03-29 22:54:06.181100] INFO: Logbook: Bagged Validation Accuracy 1.000
[2017-03-29 22:54:45.159502] INFO: Logbook: Bagged Validation Logloss 0.024
[2017-03-29 22:54:45.159658] INFO: Logbook: Bagged Validation Accuracy 1.000
[2017-03-29 22:55:24.079680] INFO: Logbook: Bagged Validation Logloss 0.023
[2017-03-29 22:55:24.079837] INFO: Logbook: Bagged Validation Accuracy 1.000
[2017-03-29 22:55:24.079905] INFO: Logbook: Bagging Round 7
[2017-03-29 23:00:11.610490] INFO: Logbook: Bagged Validation Logloss 0.023
[2017-03-29 23:00:11.610653] INFO: Logbook: Bagged Validation Accuracy 1.000
[2017-03-29 23:00:50.168540] INFO: Logbook: Bagged Validation Logloss 0.023
[2017-03-29 23:00:50.168702] INFO: Logbook: Bagged Validation Accuracy 1.000
[2017-03-29 23:01:28.749797] INFO: Logbook: Bagged Validation Logloss 0.023
[2017-03-29 23:01:28.749964] INFO: Logbook: Bagged Validation Accuracy 1.000
[2017-03-29 23:02:07.308255] INFO: Logbook: Bagged Validation Logloss 0.023
[2017-03-29 23:02:07.308417] INFO: Logbook: Bagged Validation Accuracy 1.000
[2017-03-29 23:02:45.864935] INFO: Logbook: Bagged Validation Logloss 0.022
[2017-03-29 23:02:45.865097] INFO: Logbook: Bagged Validation Accuracy 1.000
[2017-03-29 23:03:24.417984] INFO: Logbook: Bagged Validation Logloss 0.023
[2017-03-29 23:03:24.418140] INFO: Logbook: Bagged Validation Accuracy 1.000
[2017-03-29 23:04:03.062593] INFO: Logbook: Bagged Validation Logloss 0.023
[2017-03-29 23:04:03.062755] INFO: Logbook: Bagged Validation Accuracy 1.000
[2017-03-29 23:04:41.683437] INFO: Logbook: Bagged Validation Logloss 0.023
[2017-03-29 23:04:41.683601] INFO: Logbook: Bagged Validation Accuracy 1.000
[2017-03-29 23:04:41.683670] INFO: Logbook: Bagging Round 8
[2017-03-29 23:09:28.670506] INFO: Logbook: Bagged Validation Logloss 0.023
[2017-03-29 23:09:28.670675] INFO: Logbook: Bagged Validation Accuracy 1.000
[2017-03-29 23:10:07.134545] INFO: Logbook: Bagged Validation Logloss 0.023
[2017-03-29 23:10:07.134703] INFO: Logbook: Bagged Validation Accuracy 1.000
[2017-03-29 23:10:45.594341] INFO: Logbook: Bagged Validation Logloss 0.022
[2017-03-29 23:10:45.594500] INFO: Logbook: Bagged Validation Accuracy 1.000
[2017-03-29 23:11:24.091615] INFO: Logbook: Bagged Validation Logloss 0.022
[2017-03-29 23:11:24.091778] INFO: Logbook: Bagged Validation Accuracy 1.000
[2017-03-29 23:12:02.552905] INFO: Logbook: Bagged Validation Logloss 0.022
[2017-03-29 23:12:02.553064] INFO: Logbook: Bagged Validation Accuracy 1.000
[2017-03-29 23:12:41.045946] INFO: Logbook: Bagged Validation Logloss 0.023
[2017-03-29 23:12:41.046102] INFO: Logbook: Bagged Validation Accuracy 1.000
[2017-03-29 23:13:19.567266] INFO: Logbook: Bagged Validation Logloss 0.023
[2017-03-29 23:13:19.567428] INFO: Logbook: Bagged Validation Accuracy 1.000
[2017-03-29 23:13:58.043560] INFO: Logbook: Bagged Validation Logloss 0.023
[2017-03-29 23:13:58.043720] INFO: Logbook: Bagged Validation Accuracy 1.000
[2017-03-29 23:13:58.043789] INFO: Logbook: Bagging Round 9
[2017-03-29 23:18:44.974684] INFO: Logbook: Bagged Validation Logloss 0.023
[2017-03-29 23:18:44.974851] INFO: Logbook: Bagged Validation Accuracy 1.000
[2017-03-29 23:19:23.451720] INFO: Logbook: Bagged Validation Logloss 0.023
[2017-03-29 23:19:23.451880] INFO: Logbook: Bagged Validation Accuracy 1.000
[2017-03-29 23:20:01.942359] INFO: Logbook: Bagged Validation Logloss 0.023
[2017-03-29 23:20:01.942522] INFO: Logbook: Bagged Validation Accuracy 1.000
[2017-03-29 23:20:40.422850] INFO: Logbook: Bagged Validation Logloss 0.023
[2017-03-29 23:20:40.423008] INFO: Logbook: Bagged Validation Accuracy 1.000
[2017-03-29 23:21:18.925532] INFO: Logbook: Bagged Validation Logloss 0.023
[2017-03-29 23:21:18.925694] INFO: Logbook: Bagged Validation Accuracy 1.000
[2017-03-29 23:21:57.438363] INFO: Logbook: Bagged Validation Logloss 0.023
[2017-03-29 23:21:57.438526] INFO: Logbook: Bagged Validation Accuracy 1.000
[2017-03-29 23:22:35.924185] INFO: Logbook: Bagged Validation Logloss 0.023
[2017-03-29 23:22:35.924352] INFO: Logbook: Bagged Validation Accuracy 1.000
[2017-03-29 23:23:14.427364] INFO: Logbook: Bagged Validation Logloss 0.023
[2017-03-29 23:23:14.427525] INFO: Logbook: Bagged Validation Accuracy 1.000
[2017-03-29 23:23:14.427593] INFO: Logbook: Bagging Round 10
[2017-03-29 23:28:01.709947] INFO: Logbook: Bagged Validation Logloss 0.023
[2017-03-29 23:28:01.710114] INFO: Logbook: Bagged Validation Accuracy 1.000
[2017-03-29 23:28:40.250403] INFO: Logbook: Bagged Validation Logloss 0.023
[2017-03-29 23:28:40.250561] INFO: Logbook: Bagged Validation Accuracy 1.000
[2017-03-29 23:29:18.794800] INFO: Logbook: Bagged Validation Logloss 0.023
[2017-03-29 23:29:18.794959] INFO: Logbook: Bagged Validation Accuracy 1.000
[2017-03-29 23:29:57.360103] INFO: Logbook: Bagged Validation Logloss 0.023
[2017-03-29 23:29:57.360263] INFO: Logbook: Bagged Validation Accuracy 1.000
[2017-03-29 23:30:35.909983] INFO: Logbook: Bagged Validation Logloss 0.023
[2017-03-29 23:30:35.910144] INFO: Logbook: Bagged Validation Accuracy 1.000
[2017-03-29 23:31:14.461202] INFO: Logbook: Bagged Validation Logloss 0.022
[2017-03-29 23:31:14.461359] INFO: Logbook: Bagged Validation Accuracy 1.000
[2017-03-29 23:31:52.996317] INFO: Logbook: Bagged Validation Logloss 0.022
[2017-03-29 23:31:52.996481] INFO: Logbook: Bagged Validation Accuracy 1.000
[2017-03-29 23:32:31.523936] INFO: Logbook: Bagged Validation Logloss 0.022
[2017-03-29 23:32:31.524101] INFO: Logbook: Bagged Validation Accuracy 1.000
[2017-03-29 23:32:31.524169] INFO: Logbook: Bagging Round 11
[2017-03-29 23:37:18.995313] INFO: Logbook: Bagged Validation Logloss 0.022
[2017-03-29 23:37:18.995481] INFO: Logbook: Bagged Validation Accuracy 1.000
[2017-03-29 23:37:57.545445] INFO: Logbook: Bagged Validation Logloss 0.022
[2017-03-29 23:37:57.545604] INFO: Logbook: Bagged Validation Accuracy 1.000
[2017-03-29 23:38:36.122414] INFO: Logbook: Bagged Validation Logloss 0.022
[2017-03-29 23:38:36.122582] INFO: Logbook: Bagged Validation Accuracy 1.000
[2017-03-29 23:39:14.686265] INFO: Logbook: Bagged Validation Logloss 0.022
[2017-03-29 23:39:14.686421] INFO: Logbook: Bagged Validation Accuracy 1.000
[2017-03-29 23:39:53.258578] INFO: Logbook: Bagged Validation Logloss 0.022
[2017-03-29 23:39:53.258738] INFO: Logbook: Bagged Validation Accuracy 1.000
[2017-03-29 23:40:31.807285] INFO: Logbook: Bagged Validation Logloss 0.022
[2017-03-29 23:40:31.807481] INFO: Logbook: Bagged Validation Accuracy 1.000
[2017-03-29 23:41:10.430983] INFO: Logbook: Bagged Validation Logloss 0.022
[2017-03-29 23:41:10.431147] INFO: Logbook: Bagged Validation Accuracy 1.000
[2017-03-29 23:41:48.967948] INFO: Logbook: Bagged Validation Logloss 0.022
[2017-03-29 23:41:48.968108] INFO: Logbook: Bagged Validation Accuracy 1.000
[2017-03-29 23:41:48.968176] INFO: Logbook: Bagging Round 12
[2017-03-29 23:46:36.064067] INFO: Logbook: Bagged Validation Logloss 0.022
[2017-03-29 23:46:36.064233] INFO: Logbook: Bagged Validation Accuracy 1.000
[2017-03-29 23:47:14.646791] INFO: Logbook: Bagged Validation Logloss 0.023
[2017-03-29 23:47:14.646951] INFO: Logbook: Bagged Validation Accuracy 1.000
[2017-03-29 23:47:53.146314] INFO: Logbook: Bagged Validation Logloss 0.023
[2017-03-29 23:47:53.146480] INFO: Logbook: Bagged Validation Accuracy 1.000
[2017-03-29 23:48:31.619459] INFO: Logbook: Bagged Validation Logloss 0.023
[2017-03-29 23:48:31.619615] INFO: Logbook: Bagged Validation Accuracy 1.000
[2017-03-29 23:49:10.108395] INFO: Logbook: Bagged Validation Logloss 0.023
[2017-03-29 23:49:10.108554] INFO: Logbook: Bagged Validation Accuracy 1.000
[2017-03-29 23:49:48.587609] INFO: Logbook: Bagged Validation Logloss 0.023
[2017-03-29 23:49:48.587767] INFO: Logbook: Bagged Validation Accuracy 1.000
[2017-03-29 23:50:27.070289] INFO: Logbook: Bagged Validation Logloss 0.022
[2017-03-29 23:50:27.070450] INFO: Logbook: Bagged Validation Accuracy 1.000
[2017-03-29 23:51:05.541262] INFO: Logbook: Bagged Validation Logloss 0.022
[2017-03-29 23:51:05.541422] INFO: Logbook: Bagged Validation Accuracy 1.000
[2017-03-29 23:51:05.541491] INFO: Logbook: Bagging Round 13
[2017-03-29 23:55:52.506550] INFO: Logbook: Bagged Validation Logloss 0.022
[2017-03-29 23:55:52.506716] INFO: Logbook: Bagged Validation Accuracy 1.000
[2017-03-29 23:56:31.076156] INFO: Logbook: Bagged Validation Logloss 0.023
[2017-03-29 23:56:31.076320] INFO: Logbook: Bagged Validation Accuracy 1.000
[2017-03-29 23:57:09.532696] INFO: Logbook: Bagged Validation Logloss 0.023
[2017-03-29 23:57:09.532877] INFO: Logbook: Bagged Validation Accuracy 1.000
[2017-03-29 23:57:48.032994] INFO: Logbook: Bagged Validation Logloss 0.022
[2017-03-29 23:57:48.033152] INFO: Logbook: Bagged Validation Accuracy 1.000
[2017-03-29 23:58:26.525908] INFO: Logbook: Bagged Validation Logloss 0.022
[2017-03-29 23:58:26.526066] INFO: Logbook: Bagged Validation Accuracy 1.000
[2017-03-29 23:59:05.063062] INFO: Logbook: Bagged Validation Logloss 0.022
[2017-03-29 23:59:05.063228] INFO: Logbook: Bagged Validation Accuracy 1.000
[2017-03-29 23:59:43.547270] INFO: Logbook: Bagged Validation Logloss 0.022
[2017-03-29 23:59:43.547431] INFO: Logbook: Bagged Validation Accuracy 1.000
[2017-03-30 00:00:22.061526] INFO: Logbook: Bagged Validation Logloss 0.022
[2017-03-30 00:00:22.061686] INFO: Logbook: Bagged Validation Accuracy 1.000
[2017-03-30 00:00:22.061754] INFO: Logbook: Bagging Round 14
[2017-03-30 00:05:10.164043] INFO: Logbook: Bagged Validation Logloss 0.023
[2017-03-30 00:05:10.164207] INFO: Logbook: Bagged Validation Accuracy 1.000
[2017-03-30 00:05:49.028514] INFO: Logbook: Bagged Validation Logloss 0.023
[2017-03-30 00:05:49.028674] INFO: Logbook: Bagged Validation Accuracy 1.000
[2017-03-30 00:06:27.975567] INFO: Logbook: Bagged Validation Logloss 0.023
[2017-03-30 00:06:27.975725] INFO: Logbook: Bagged Validation Accuracy 1.000
[2017-03-30 00:07:06.993172] INFO: Logbook: Bagged Validation Logloss 0.023
[2017-03-30 00:07:06.993331] INFO: Logbook: Bagged Validation Accuracy 1.000
[2017-03-30 00:07:46.481844] INFO: Logbook: Bagged Validation Logloss 0.023
[2017-03-30 00:07:46.482010] INFO: Logbook: Bagged Validation Accuracy 1.000
[2017-03-30 00:08:26.285289] INFO: Logbook: Bagged Validation Logloss 0.023
[2017-03-30 00:08:26.285460] INFO: Logbook: Bagged Validation Accuracy 1.000
[2017-03-30 00:09:06.049546] INFO: Logbook: Bagged Validation Logloss 0.024
[2017-03-30 00:09:06.049707] INFO: Logbook: Bagged Validation Accuracy 1.000
[2017-03-30 00:09:45.295951] INFO: Logbook: Bagged Validation Logloss 0.024
[2017-03-30 00:09:45.296112] INFO: Logbook: Bagged Validation Accuracy 1.000
[2017-03-30 00:09:45.296180] INFO: Logbook: Bagging Round 15
[2017-03-30 00:14:32.271792] INFO: Logbook: Bagged Validation Logloss 0.024
[2017-03-30 00:14:32.271958] INFO: Logbook: Bagged Validation Accuracy 1.000
[2017-03-30 00:15:11.122538] INFO: Logbook: Bagged Validation Logloss 0.024
[2017-03-30 00:15:11.122699] INFO: Logbook: Bagged Validation Accuracy 1.000
[2017-03-30 00:15:50.002943] INFO: Logbook: Bagged Validation Logloss 0.024
[2017-03-30 00:15:50.003104] INFO: Logbook: Bagged Validation Accuracy 1.000
[2017-03-30 00:16:28.742233] INFO: Logbook: Bagged Validation Logloss 0.024
[2017-03-30 00:16:28.742394] INFO: Logbook: Bagged Validation Accuracy 1.000
[2017-03-30 00:17:07.367224] INFO: Logbook: Bagged Validation Logloss 0.023
[2017-03-30 00:17:07.367383] INFO: Logbook: Bagged Validation Accuracy 1.000
[2017-03-30 00:17:45.962935] INFO: Logbook: Bagged Validation Logloss 0.023
[2017-03-30 00:17:45.963099] INFO: Logbook: Bagged Validation Accuracy 1.000
[2017-03-30 00:18:24.662311] INFO: Logbook: Bagged Validation Logloss 0.023
[2017-03-30 00:18:24.662470] INFO: Logbook: Bagged Validation Accuracy 1.000
[2017-03-30 00:19:03.539407] INFO: Logbook: Bagged Validation Logloss 0.023
[2017-03-30 00:19:03.539567] INFO: Logbook: Bagged Validation Accuracy 1.000
[2017-03-30 00:19:03.539637] INFO: Logbook: Bagging Round 16
[2017-03-30 00:23:50.136661] INFO: Logbook: Bagged Validation Logloss 0.023
[2017-03-30 00:23:50.136847] INFO: Logbook: Bagged Validation Accuracy 1.000
[2017-03-30 00:24:28.661064] INFO: Logbook: Bagged Validation Logloss 0.023
[2017-03-30 00:24:28.661221] INFO: Logbook: Bagged Validation Accuracy 1.000
[2017-03-30 00:25:07.131381] INFO: Logbook: Bagged Validation Logloss 0.023
[2017-03-30 00:25:07.131539] INFO: Logbook: Bagged Validation Accuracy 1.000
[2017-03-30 00:25:45.589889] INFO: Logbook: Bagged Validation Logloss 0.023
[2017-03-30 00:25:45.590046] INFO: Logbook: Bagged Validation Accuracy 1.000
[2017-03-30 00:26:24.091865] INFO: Logbook: Bagged Validation Logloss 0.024
[2017-03-30 00:26:24.092026] INFO: Logbook: Bagged Validation Accuracy 1.000
[2017-03-30 00:27:02.580239] INFO: Logbook: Bagged Validation Logloss 0.024
[2017-03-30 00:27:02.580397] INFO: Logbook: Bagged Validation Accuracy 1.000
[2017-03-30 00:27:41.085973] INFO: Logbook: Bagged Validation Logloss 0.024
[2017-03-30 00:27:41.086130] INFO: Logbook: Bagged Validation Accuracy 1.000
[2017-03-30 00:28:19.549417] INFO: Logbook: Bagged Validation Logloss 0.024
[2017-03-30 00:28:19.549574] INFO: Logbook: Bagged Validation Accuracy 1.000
[2017-03-30 00:28:19.549641] INFO: Logbook: Bagging Round 17
[2017-03-30 00:33:06.024881] INFO: Logbook: Bagged Validation Logloss 0.024
[2017-03-30 00:33:06.025046] INFO: Logbook: Bagged Validation Accuracy 1.000
[2017-03-30 00:33:44.563504] INFO: Logbook: Bagged Validation Logloss 0.024
[2017-03-30 00:33:44.563665] INFO: Logbook: Bagged Validation Accuracy 1.000
[2017-03-30 00:34:23.084307] INFO: Logbook: Bagged Validation Logloss 0.024
[2017-03-30 00:34:23.084468] INFO: Logbook: Bagged Validation Accuracy 1.000
[2017-03-30 00:35:01.564608] INFO: Logbook: Bagged Validation Logloss 0.023
[2017-03-30 00:35:01.564787] INFO: Logbook: Bagged Validation Accuracy 1.000
[2017-03-30 00:35:40.054901] INFO: Logbook: Bagged Validation Logloss 0.023
[2017-03-30 00:35:40.055060] INFO: Logbook: Bagged Validation Accuracy 1.000
[2017-03-30 00:36:18.554659] INFO: Logbook: Bagged Validation Logloss 0.023
[2017-03-30 00:36:18.554818] INFO: Logbook: Bagged Validation Accuracy 1.000
[2017-03-30 00:36:57.051568] INFO: Logbook: Bagged Validation Logloss 0.023
[2017-03-30 00:36:57.051726] INFO: Logbook: Bagged Validation Accuracy 1.000
[2017-03-30 00:37:35.516316] INFO: Logbook: Bagged Validation Logloss 0.023
[2017-03-30 00:37:35.516475] INFO: Logbook: Bagged Validation Accuracy 1.000
[2017-03-30 00:37:35.516543] INFO: Logbook: Bagging Round 18
[2017-03-30 00:42:22.665087] INFO: Logbook: Bagged Validation Logloss 0.023
[2017-03-30 00:42:22.665250] INFO: Logbook: Bagged Validation Accuracy 1.000
[2017-03-30 00:43:01.845939] INFO: Logbook: Bagged Validation Logloss 0.023
[2017-03-30 00:43:01.846098] INFO: Logbook: Bagged Validation Accuracy 1.000
[2017-03-30 00:43:41.083180] INFO: Logbook: Bagged Validation Logloss 0.023
[2017-03-30 00:43:41.083339] INFO: Logbook: Bagged Validation Accuracy 1.000
[2017-03-30 00:44:20.283696] INFO: Logbook: Bagged Validation Logloss 0.023
[2017-03-30 00:44:20.283855] INFO: Logbook: Bagged Validation Accuracy 1.000
[2017-03-30 00:44:59.431871] INFO: Logbook: Bagged Validation Logloss 0.023
[2017-03-30 00:44:59.432034] INFO: Logbook: Bagged Validation Accuracy 1.000
[2017-03-30 00:45:38.522907] INFO: Logbook: Bagged Validation Logloss 0.023
[2017-03-30 00:45:38.523064] INFO: Logbook: Bagged Validation Accuracy 1.000
[2017-03-30 00:46:17.506216] INFO: Logbook: Bagged Validation Logloss 0.023
[2017-03-30 00:46:17.506369] INFO: Logbook: Bagged Validation Accuracy 1.000
[2017-03-30 00:46:56.474835] INFO: Logbook: Bagged Validation Logloss 0.023
[2017-03-30 00:46:56.474996] INFO: Logbook: Bagged Validation Accuracy 1.000
[2017-03-30 00:46:56.475071] INFO: Logbook: Bagging Round 19
[2017-03-30 00:51:43.402322] INFO: Logbook: Bagged Validation Logloss 0.024
[2017-03-30 00:51:43.402486] INFO: Logbook: Bagged Validation Accuracy 1.000
[2017-03-30 00:52:22.074963] INFO: Logbook: Bagged Validation Logloss 0.024
[2017-03-30 00:52:22.075123] INFO: Logbook: Bagged Validation Accuracy 1.000
[2017-03-30 00:53:00.907444] INFO: Logbook: Bagged Validation Logloss 0.024
[2017-03-30 00:53:00.907603] INFO: Logbook: Bagged Validation Accuracy 1.000
[2017-03-30 00:53:39.824250] INFO: Logbook: Bagged Validation Logloss 0.024
[2017-03-30 00:53:39.824410] INFO: Logbook: Bagged Validation Accuracy 1.000
[2017-03-30 00:54:18.559922] INFO: Logbook: Bagged Validation Logloss 0.024
[2017-03-30 00:54:18.560080] INFO: Logbook: Bagged Validation Accuracy 1.000
[2017-03-30 00:54:57.307857] INFO: Logbook: Bagged Validation Logloss 0.024
[2017-03-30 00:54:57.308016] INFO: Logbook: Bagged Validation Accuracy 1.000
[2017-03-30 00:55:36.091923] INFO: Logbook: Bagged Validation Logloss 0.024
[2017-03-30 00:55:36.092086] INFO: Logbook: Bagged Validation Accuracy 1.000
[2017-03-30 00:56:14.887040] INFO: Logbook: Bagged Validation Logloss 0.024
[2017-03-30 00:56:14.887200] INFO: Logbook: Bagged Validation Accuracy 1.000
[2017-03-30 00:56:14.887267] INFO: Logbook: Bagging Round 20
[2017-03-30 01:01:01.535980] INFO: Logbook: Bagged Validation Logloss 0.024
[2017-03-30 01:01:01.536145] INFO: Logbook: Bagged Validation Accuracy 1.000
[2017-03-30 01:01:40.035257] INFO: Logbook: Bagged Validation Logloss 0.024
[2017-03-30 01:01:40.035415] INFO: Logbook: Bagged Validation Accuracy 1.000
[2017-03-30 01:02:18.547506] INFO: Logbook: Bagged Validation Logloss 0.024
[2017-03-30 01:02:18.547663] INFO: Logbook: Bagged Validation Accuracy 1.000
[2017-03-30 01:02:57.017059] INFO: Logbook: Bagged Validation Logloss 0.024
[2017-03-30 01:02:57.017216] INFO: Logbook: Bagged Validation Accuracy 1.000
[2017-03-30 01:03:35.530755] INFO: Logbook: Bagged Validation Logloss 0.024
[2017-03-30 01:03:35.530912] INFO: Logbook: Bagged Validation Accuracy 1.000
[2017-03-30 01:04:14.038949] INFO: Logbook: Bagged Validation Logloss 0.024
[2017-03-30 01:04:14.039109] INFO: Logbook: Bagged Validation Accuracy 1.000
[2017-03-30 01:04:52.611253] INFO: Logbook: Bagged Validation Logloss 0.024
[2017-03-30 01:04:52.611413] INFO: Logbook: Bagged Validation Accuracy 1.000
[2017-03-30 01:05:31.164893] INFO: Logbook: Bagged Validation Logloss 0.024
[2017-03-30 01:05:31.165055] INFO: Logbook: Bagged Validation Accuracy 1.000
[2017-03-30 01:05:31.165123] INFO: Logbook: Bagging Round 21
[2017-03-30 01:10:17.897877] INFO: Logbook: Bagged Validation Logloss 0.024
[2017-03-30 01:10:17.898042] INFO: Logbook: Bagged Validation Accuracy 1.000
[2017-03-30 01:10:56.353012] INFO: Logbook: Bagged Validation Logloss 0.024
[2017-03-30 01:10:56.353171] INFO: Logbook: Bagged Validation Accuracy 1.000
[2017-03-30 01:11:34.857746] INFO: Logbook: Bagged Validation Logloss 0.024
[2017-03-30 01:11:34.857905] INFO: Logbook: Bagged Validation Accuracy 1.000
[2017-03-30 01:12:13.345400] INFO: Logbook: Bagged Validation Logloss 0.024
[2017-03-30 01:12:13.345558] INFO: Logbook: Bagged Validation Accuracy 1.000
[2017-03-30 01:12:51.839011] INFO: Logbook: Bagged Validation Logloss 0.024
[2017-03-30 01:12:51.839170] INFO: Logbook: Bagged Validation Accuracy 1.000
[2017-03-30 01:13:30.340095] INFO: Logbook: Bagged Validation Logloss 0.024
[2017-03-30 01:13:30.340250] INFO: Logbook: Bagged Validation Accuracy 1.000
[2017-03-30 01:14:08.809875] INFO: Logbook: Bagged Validation Logloss 0.024
[2017-03-30 01:14:08.810035] INFO: Logbook: Bagged Validation Accuracy 1.000
[2017-03-30 01:14:47.312603] INFO: Logbook: Bagged Validation Logloss 0.024
[2017-03-30 01:14:47.312778] INFO: Logbook: Bagged Validation Accuracy 1.000
[2017-03-30 01:14:47.312852] INFO: Logbook: Bagging Round 22
[2017-03-30 01:19:34.258015] INFO: Logbook: Bagged Validation Logloss 0.024
[2017-03-30 01:19:34.258177] INFO: Logbook: Bagged Validation Accuracy 1.000
[2017-03-30 01:20:13.039139] INFO: Logbook: Bagged Validation Logloss 0.024
[2017-03-30 01:20:13.039296] INFO: Logbook: Bagged Validation Accuracy 1.000
[2017-03-30 01:20:52.150622] INFO: Logbook: Bagged Validation Logloss 0.024
[2017-03-30 01:20:52.150784] INFO: Logbook: Bagged Validation Accuracy 1.000
[2017-03-30 01:21:31.477735] INFO: Logbook: Bagged Validation Logloss 0.024
[2017-03-30 01:21:31.477890] INFO: Logbook: Bagged Validation Accuracy 1.000
[2017-03-30 01:22:10.573318] INFO: Logbook: Bagged Validation Logloss 0.024
[2017-03-30 01:22:10.573474] INFO: Logbook: Bagged Validation Accuracy 1.000
[2017-03-30 01:22:49.587759] INFO: Logbook: Bagged Validation Logloss 0.024
[2017-03-30 01:22:49.587917] INFO: Logbook: Bagged Validation Accuracy 1.000
[2017-03-30 01:23:28.580367] INFO: Logbook: Bagged Validation Logloss 0.024
[2017-03-30 01:23:28.580524] INFO: Logbook: Bagged Validation Accuracy 1.000
[2017-03-30 01:24:07.619690] INFO: Logbook: Bagged Validation Logloss 0.024
[2017-03-30 01:24:07.619845] INFO: Logbook: Bagged Validation Accuracy 1.000
[2017-03-30 01:24:07.619913] INFO: Logbook: Bagging Round 23
[2017-03-30 01:28:54.042254] INFO: Logbook: Bagged Validation Logloss 0.024
[2017-03-30 01:28:54.042418] INFO: Logbook: Bagged Validation Accuracy 1.000
[2017-03-30 01:29:32.503753] INFO: Logbook: Bagged Validation Logloss 0.024
[2017-03-30 01:29:32.503911] INFO: Logbook: Bagged Validation Accuracy 1.000
[2017-03-30 01:30:11.004958] INFO: Logbook: Bagged Validation Logloss 0.025
[2017-03-30 01:30:11.005115] INFO: Logbook: Bagged Validation Accuracy 1.000
[2017-03-30 01:30:49.470624] INFO: Logbook: Bagged Validation Logloss 0.025
[2017-03-30 01:30:49.470781] INFO: Logbook: Bagged Validation Accuracy 1.000
[2017-03-30 01:31:27.956205] INFO: Logbook: Bagged Validation Logloss 0.025
[2017-03-30 01:31:27.956367] INFO: Logbook: Bagged Validation Accuracy 1.000
[2017-03-30 01:32:06.428732] INFO: Logbook: Bagged Validation Logloss 0.025
[2017-03-30 01:32:06.428914] INFO: Logbook: Bagged Validation Accuracy 1.000
[2017-03-30 01:32:44.892564] INFO: Logbook: Bagged Validation Logloss 0.025
[2017-03-30 01:32:44.892722] INFO: Logbook: Bagged Validation Accuracy 1.000
[2017-03-30 01:33:23.403805] INFO: Logbook: Bagged Validation Logloss 0.025
[2017-03-30 01:33:23.403962] INFO: Logbook: Bagged Validation Accuracy 1.000
[2017-03-30 01:33:23.404031] INFO: Logbook: Bagging Round 24
[2017-03-30 01:38:09.964916] INFO: Logbook: Bagged Validation Logloss 0.025
[2017-03-30 01:38:09.965082] INFO: Logbook: Bagged Validation Accuracy 1.000
[2017-03-30 01:38:48.415753] INFO: Logbook: Bagged Validation Logloss 0.025
[2017-03-30 01:38:48.415921] INFO: Logbook: Bagged Validation Accuracy 1.000
[2017-03-30 01:39:26.880710] INFO: Logbook: Bagged Validation Logloss 0.025
[2017-03-30 01:39:26.880889] INFO: Logbook: Bagged Validation Accuracy 1.000
[2017-03-30 01:40:05.334866] INFO: Logbook: Bagged Validation Logloss 0.025
[2017-03-30 01:40:05.335019] INFO: Logbook: Bagged Validation Accuracy 1.000
[2017-03-30 01:40:43.765965] INFO: Logbook: Bagged Validation Logloss 0.025
[2017-03-30 01:40:43.766122] INFO: Logbook: Bagged Validation Accuracy 1.000
[2017-03-30 01:41:22.234941] INFO: Logbook: Bagged Validation Logloss 0.025
[2017-03-30 01:41:22.235101] INFO: Logbook: Bagged Validation Accuracy 1.000
[2017-03-30 01:42:00.741900] INFO: Logbook: Bagged Validation Logloss 0.025
[2017-03-30 01:42:00.742060] INFO: Logbook: Bagged Validation Accuracy 1.000
[2017-03-30 01:42:39.232997] INFO: Logbook: Bagged Validation Logloss 0.025
[2017-03-30 01:42:39.233156] INFO: Logbook: Bagged Validation Accuracy 1.000
[2017-03-30 01:42:39.233228] INFO: Logbook: Bagging Round 25
[2017-03-30 01:47:25.473295] INFO: Logbook: Bagged Validation Logloss 0.025
[2017-03-30 01:47:25.473458] INFO: Logbook: Bagged Validation Accuracy 1.000
[2017-03-30 01:48:03.980879] INFO: Logbook: Bagged Validation Logloss 0.025
[2017-03-30 01:48:03.981034] INFO: Logbook: Bagged Validation Accuracy 1.000
[2017-03-30 01:48:42.454916] INFO: Logbook: Bagged Validation Logloss 0.025
[2017-03-30 01:48:42.455075] INFO: Logbook: Bagged Validation Accuracy 1.000
[2017-03-30 01:49:20.943388] INFO: Logbook: Bagged Validation Logloss 0.025
[2017-03-30 01:49:20.943548] INFO: Logbook: Bagged Validation Accuracy 1.000
[2017-03-30 01:49:59.408433] INFO: Logbook: Bagged Validation Logloss 0.025
[2017-03-30 01:49:59.408591] INFO: Logbook: Bagged Validation Accuracy 1.000
[2017-03-30 01:50:37.960167] INFO: Logbook: Bagged Validation Logloss 0.025
[2017-03-30 01:50:37.960329] INFO: Logbook: Bagged Validation Accuracy 1.000
[2017-03-30 01:51:16.421442] INFO: Logbook: Bagged Validation Logloss 0.025
[2017-03-30 01:51:16.421599] INFO: Logbook: Bagged Validation Accuracy 1.000
[2017-03-30 01:51:54.879645] INFO: Logbook: Bagged Validation Logloss 0.025
[2017-03-30 01:51:54.879811] INFO: Logbook: Bagged Validation Accuracy 1.000
[2017-03-30 01:51:54.879884] INFO: Logbook: Bagging Round 26
[2017-03-30 01:56:41.879593] INFO: Logbook: Bagged Validation Logloss 0.026
[2017-03-30 01:56:41.879759] INFO: Logbook: Bagged Validation Accuracy 1.000
[2017-03-30 01:57:20.379667] INFO: Logbook: Bagged Validation Logloss 0.026
[2017-03-30 01:57:20.379825] INFO: Logbook: Bagged Validation Accuracy 1.000
[2017-03-30 01:57:58.844150] INFO: Logbook: Bagged Validation Logloss 0.026
[2017-03-30 01:57:58.844314] INFO: Logbook: Bagged Validation Accuracy 1.000
[2017-03-30 01:58:37.387769] INFO: Logbook: Bagged Validation Logloss 0.027
[2017-03-30 01:58:37.387936] INFO: Logbook: Bagged Validation Accuracy 1.000
[2017-03-30 01:59:15.908142] INFO: Logbook: Bagged Validation Logloss 0.027
[2017-03-30 01:59:15.908300] INFO: Logbook: Bagged Validation Accuracy 1.000
[2017-03-30 01:59:54.375319] INFO: Logbook: Bagged Validation Logloss 0.027
[2017-03-30 01:59:54.375479] INFO: Logbook: Bagged Validation Accuracy 1.000
[2017-03-30 02:00:32.897473] INFO: Logbook: Bagged Validation Logloss 0.027
[2017-03-30 02:00:32.897632] INFO: Logbook: Bagged Validation Accuracy 1.000
[2017-03-30 02:01:11.385775] INFO: Logbook: Bagged Validation Logloss 0.027
[2017-03-30 02:01:11.385933] INFO: Logbook: Bagged Validation Accuracy 1.000
[2017-03-30 02:01:11.386000] INFO: Logbook: Bagging Round 27
[2017-03-30 02:05:57.587447] INFO: Logbook: Bagged Validation Logloss 0.027
[2017-03-30 02:05:57.587617] INFO: Logbook: Bagged Validation Accuracy 1.000
[2017-03-30 02:06:36.081467] INFO: Logbook: Bagged Validation Logloss 0.027
[2017-03-30 02:06:36.081623] INFO: Logbook: Bagged Validation Accuracy 1.000
[2017-03-30 02:07:14.564042] INFO: Logbook: Bagged Validation Logloss 0.027
[2017-03-30 02:07:14.564205] INFO: Logbook: Bagged Validation Accuracy 1.000
[2017-03-30 02:07:53.025857] INFO: Logbook: Bagged Validation Logloss 0.027
[2017-03-30 02:07:53.026024] INFO: Logbook: Bagged Validation Accuracy 1.000
[2017-03-30 02:08:31.544484] INFO: Logbook: Bagged Validation Logloss 0.027
[2017-03-30 02:08:31.544640] INFO: Logbook: Bagged Validation Accuracy 1.000
[2017-03-30 02:09:09.985912] INFO: Logbook: Bagged Validation Logloss 0.027
[2017-03-30 02:09:09.986072] INFO: Logbook: Bagged Validation Accuracy 1.000
[2017-03-30 02:09:48.509740] INFO: Logbook: Bagged Validation Logloss 0.027
[2017-03-30 02:09:48.509898] INFO: Logbook: Bagged Validation Accuracy 1.000
[2017-03-30 02:10:27.054711] INFO: Logbook: Bagged Validation Logloss 0.027
[2017-03-30 02:10:27.054869] INFO: Logbook: Bagged Validation Accuracy 1.000
[2017-03-30 02:10:27.054938] INFO: Logbook: Bagging Round 28
[2017-03-30 02:15:14.522582] INFO: Logbook: Bagged Validation Logloss 0.027
[2017-03-30 02:15:14.522746] INFO: Logbook: Bagged Validation Accuracy 1.000
[2017-03-30 02:15:53.055509] INFO: Logbook: Bagged Validation Logloss 0.027
[2017-03-30 02:15:53.055666] INFO: Logbook: Bagged Validation Accuracy 1.000
[2017-03-30 02:16:31.583240] INFO: Logbook: Bagged Validation Logloss 0.027
[2017-03-30 02:16:31.583397] INFO: Logbook: Bagged Validation Accuracy 1.000
[2017-03-30 02:17:10.118148] INFO: Logbook: Bagged Validation Logloss 0.027
[2017-03-30 02:17:10.118319] INFO: Logbook: Bagged Validation Accuracy 1.000
[2017-03-30 02:17:48.651627] INFO: Logbook: Bagged Validation Logloss 0.027
[2017-03-30 02:17:48.651790] INFO: Logbook: Bagged Validation Accuracy 1.000
[2017-03-30 02:18:27.173859] INFO: Logbook: Bagged Validation Logloss 0.027
[2017-03-30 02:18:27.174015] INFO: Logbook: Bagged Validation Accuracy 1.000
[2017-03-30 02:19:05.733140] INFO: Logbook: Bagged Validation Logloss 0.027
[2017-03-30 02:19:05.733302] INFO: Logbook: Bagged Validation Accuracy 1.000
[2017-03-30 02:19:44.266893] INFO: Logbook: Bagged Validation Logloss 0.027
[2017-03-30 02:19:44.267051] INFO: Logbook: Bagged Validation Accuracy 1.000
[2017-03-30 02:19:44.267120] INFO: Logbook: Bagging Round 29
[2017-03-30 02:24:31.147960] INFO: Logbook: Bagged Validation Logloss 0.027
[2017-03-30 02:24:31.148128] INFO: Logbook: Bagged Validation Accuracy 1.000
[2017-03-30 02:25:09.602189] INFO: Logbook: Bagged Validation Logloss 0.027
[2017-03-30 02:25:09.602345] INFO: Logbook: Bagged Validation Accuracy 1.000
[2017-03-30 02:25:48.078213] INFO: Logbook: Bagged Validation Logloss 0.027
[2017-03-30 02:25:48.078371] INFO: Logbook: Bagged Validation Accuracy 1.000
[2017-03-30 02:26:26.542607] INFO: Logbook: Bagged Validation Logloss 0.027
[2017-03-30 02:26:26.542768] INFO: Logbook: Bagged Validation Accuracy 1.000
[2017-03-30 02:27:05.034678] INFO: Logbook: Bagged Validation Logloss 0.027
[2017-03-30 02:27:05.034836] INFO: Logbook: Bagged Validation Accuracy 1.000
[2017-03-30 02:27:43.527863] INFO: Logbook: Bagged Validation Logloss 0.027
[2017-03-30 02:27:43.528026] INFO: Logbook: Bagged Validation Accuracy 1.000
[2017-03-30 02:28:21.979216] INFO: Logbook: Bagged Validation Logloss 0.027
[2017-03-30 02:28:21.979375] INFO: Logbook: Bagged Validation Accuracy 1.000
[2017-03-30 02:29:00.433738] INFO: Logbook: Bagged Validation Logloss 0.027
[2017-03-30 02:29:00.433905] INFO: Logbook: Bagged Validation Accuracy 1.000
[2017-03-30 02:29:00.433973] INFO: Logbook: Bagging Round 30
[2017-03-30 02:33:47.489340] INFO: Logbook: Bagged Validation Logloss 0.027
[2017-03-30 02:33:47.489507] INFO: Logbook: Bagged Validation Accuracy 1.000
[2017-03-30 02:34:26.077247] INFO: Logbook: Bagged Validation Logloss 0.027
[2017-03-30 02:34:26.077406] INFO: Logbook: Bagged Validation Accuracy 1.000
[2017-03-30 02:35:04.855335] INFO: Logbook: Bagged Validation Logloss 0.027
[2017-03-30 02:35:04.855494] INFO: Logbook: Bagged Validation Accuracy 1.000
[2017-03-30 02:35:43.437620] INFO: Logbook: Bagged Validation Logloss 0.027
[2017-03-30 02:35:43.437784] INFO: Logbook: Bagged Validation Accuracy 1.000
[2017-03-30 02:36:22.060165] INFO: Logbook: Bagged Validation Logloss 0.027
[2017-03-30 02:36:22.060328] INFO: Logbook: Bagged Validation Accuracy 1.000
[2017-03-30 02:37:00.649104] INFO: Logbook: Bagged Validation Logloss 0.027
[2017-03-30 02:37:00.649263] INFO: Logbook: Bagged Validation Accuracy 1.000
[2017-03-30 02:37:39.198546] INFO: Logbook: Bagged Validation Logloss 0.026
[2017-03-30 02:37:39.198705] INFO: Logbook: Bagged Validation Accuracy 1.000
[2017-03-30 02:38:17.713985] INFO: Logbook: Bagged Validation Logloss 0.026
[2017-03-30 02:38:17.714148] INFO: Logbook: Bagged Validation Accuracy 1.000
[2017-03-30 02:38:17.714216] INFO: Logbook: Bagging Round 31
[2017-03-30 02:43:04.323996] INFO: Logbook: Bagged Validation Logloss 0.026
[2017-03-30 02:43:04.324169] INFO: Logbook: Bagged Validation Accuracy 1.000
[2017-03-30 02:43:42.789284] INFO: Logbook: Bagged Validation Logloss 0.026
[2017-03-30 02:43:42.789441] INFO: Logbook: Bagged Validation Accuracy 1.000
[2017-03-30 02:44:21.290436] INFO: Logbook: Bagged Validation Logloss 0.026
[2017-03-30 02:44:21.290598] INFO: Logbook: Bagged Validation Accuracy 1.000
[2017-03-30 02:44:59.744484] INFO: Logbook: Bagged Validation Logloss 0.026
[2017-03-30 02:44:59.744641] INFO: Logbook: Bagged Validation Accuracy 1.000
[2017-03-30 02:45:38.213942] INFO: Logbook: Bagged Validation Logloss 0.026
[2017-03-30 02:45:38.214103] INFO: Logbook: Bagged Validation Accuracy 1.000
[2017-03-30 02:46:16.686324] INFO: Logbook: Bagged Validation Logloss 0.026
[2017-03-30 02:46:16.686486] INFO: Logbook: Bagged Validation Accuracy 1.000
[2017-03-30 02:46:55.181480] INFO: Logbook: Bagged Validation Logloss 0.026
[2017-03-30 02:46:55.181639] INFO: Logbook: Bagged Validation Accuracy 1.000
[2017-03-30 02:47:33.626903] INFO: Logbook: Bagged Validation Logloss 0.026
[2017-03-30 02:47:33.627062] INFO: Logbook: Bagged Validation Accuracy 1.000
[2017-03-30 02:47:33.627129] INFO: Logbook: Bagging Round 32
[2017-03-30 02:52:20.326499] INFO: Logbook: Bagged Validation Logloss 0.026
[2017-03-30 02:52:20.326663] INFO: Logbook: Bagged Validation Accuracy 1.000
[2017-03-30 02:52:59.067047] INFO: Logbook: Bagged Validation Logloss 0.026
[2017-03-30 02:52:59.067206] INFO: Logbook: Bagged Validation Accuracy 1.000
[2017-03-30 02:53:37.897089] INFO: Logbook: Bagged Validation Logloss 0.026
[2017-03-30 02:53:37.897249] INFO: Logbook: Bagged Validation Accuracy 1.000
[2017-03-30 02:54:16.674742] INFO: Logbook: Bagged Validation Logloss 0.026
[2017-03-30 02:54:16.674900] INFO: Logbook: Bagged Validation Accuracy 1.000
[2017-03-30 02:54:55.209251] INFO: Logbook: Bagged Validation Logloss 0.026
[2017-03-30 02:54:55.209415] INFO: Logbook: Bagged Validation Accuracy 1.000
[2017-03-30 02:55:33.739874] INFO: Logbook: Bagged Validation Logloss 0.026
[2017-03-30 02:55:33.740027] INFO: Logbook: Bagged Validation Accuracy 1.000
[2017-03-30 02:56:12.493243] INFO: Logbook: Bagged Validation Logloss 0.026
[2017-03-30 02:56:12.493402] INFO: Logbook: Bagged Validation Accuracy 1.000
[2017-03-30 02:56:51.340967] INFO: Logbook: Bagged Validation Logloss 0.026
[2017-03-30 02:56:51.341121] INFO: Logbook: Bagged Validation Accuracy 1.000
[2017-03-30 02:56:51.341189] INFO: Logbook: Bagging Round 33
[2017-03-30 03:01:39.263669] INFO: Logbook: Bagged Validation Logloss 0.027
[2017-03-30 03:01:39.263834] INFO: Logbook: Bagged Validation Accuracy 1.000
[2017-03-30 03:02:18.299479] INFO: Logbook: Bagged Validation Logloss 0.027
[2017-03-30 03:02:18.299640] INFO: Logbook: Bagged Validation Accuracy 1.000
[2017-03-30 03:02:57.429287] INFO: Logbook: Bagged Validation Logloss 0.027
[2017-03-30 03:02:57.429452] INFO: Logbook: Bagged Validation Accuracy 1.000
[2017-03-30 03:03:36.468341] INFO: Logbook: Bagged Validation Logloss 0.027
[2017-03-30 03:03:36.468499] INFO: Logbook: Bagged Validation Accuracy 1.000
[2017-03-30 03:04:15.418189] INFO: Logbook: Bagged Validation Logloss 0.027
[2017-03-30 03:04:15.418348] INFO: Logbook: Bagged Validation Accuracy 1.000
[2017-03-30 03:04:54.209356] INFO: Logbook: Bagged Validation Logloss 0.027
[2017-03-30 03:04:54.209514] INFO: Logbook: Bagged Validation Accuracy 1.000
[2017-03-30 03:05:33.006768] INFO: Logbook: Bagged Validation Logloss 0.027
[2017-03-30 03:05:33.006938] INFO: Logbook: Bagged Validation Accuracy 1.000
[2017-03-30 03:06:11.950828] INFO: Logbook: Bagged Validation Logloss 0.027
[2017-03-30 03:06:11.950987] INFO: Logbook: Bagged Validation Accuracy 1.000
[2017-03-30 03:06:11.951054] INFO: Logbook: Bagging Round 34
[2017-03-30 03:10:58.259920] INFO: Logbook: Bagged Validation Logloss 0.027
[2017-03-30 03:10:58.260085] INFO: Logbook: Bagged Validation Accuracy 1.000
[2017-03-30 03:11:36.791718] INFO: Logbook: Bagged Validation Logloss 0.027
[2017-03-30 03:11:36.791880] INFO: Logbook: Bagged Validation Accuracy 1.000
[2017-03-30 03:12:15.463463] INFO: Logbook: Bagged Validation Logloss 0.027
[2017-03-30 03:12:15.463621] INFO: Logbook: Bagged Validation Accuracy 1.000
[2017-03-30 03:12:54.262164] INFO: Logbook: Bagged Validation Logloss 0.027
[2017-03-30 03:12:54.262322] INFO: Logbook: Bagged Validation Accuracy 1.000
[2017-03-30 03:13:33.199367] INFO: Logbook: Bagged Validation Logloss 0.027
[2017-03-30 03:13:33.199528] INFO: Logbook: Bagged Validation Accuracy 1.000
[2017-03-30 03:14:11.827954] INFO: Logbook: Bagged Validation Logloss 0.027
[2017-03-30 03:14:11.828110] INFO: Logbook: Bagged Validation Accuracy 1.000
[2017-03-30 03:14:50.319359] INFO: Logbook: Bagged Validation Logloss 0.027
[2017-03-30 03:14:50.319521] INFO: Logbook: Bagged Validation Accuracy 1.000
[2017-03-30 03:15:28.809530] INFO: Logbook: Bagged Validation Logloss 0.027
[2017-03-30 03:15:28.809689] INFO: Logbook: Bagged Validation Accuracy 1.000
[2017-03-30 03:15:28.809757] INFO: Logbook: Bagging Round 35
[2017-03-30 03:20:16.346100] INFO: Logbook: Bagged Validation Logloss 0.027
[2017-03-30 03:20:16.346266] INFO: Logbook: Bagged Validation Accuracy 1.000
[2017-03-30 03:20:54.892322] INFO: Logbook: Bagged Validation Logloss 0.027
[2017-03-30 03:20:54.892480] INFO: Logbook: Bagged Validation Accuracy 1.000
[2017-03-30 03:21:33.435694] INFO: Logbook: Bagged Validation Logloss 0.027
[2017-03-30 03:21:33.435856] INFO: Logbook: Bagged Validation Accuracy 1.000
[2017-03-30 03:22:11.990676] INFO: Logbook: Bagged Validation Logloss 0.027
[2017-03-30 03:22:11.990835] INFO: Logbook: Bagged Validation Accuracy 1.000
[2017-03-30 03:22:50.538185] INFO: Logbook: Bagged Validation Logloss 0.027
[2017-03-30 03:22:50.538344] INFO: Logbook: Bagged Validation Accuracy 1.000
[2017-03-30 03:23:29.154232] INFO: Logbook: Bagged Validation Logloss 0.027
[2017-03-30 03:23:29.154388] INFO: Logbook: Bagged Validation Accuracy 1.000
[2017-03-30 03:24:07.686154] INFO: Logbook: Bagged Validation Logloss 0.027
[2017-03-30 03:24:07.686314] INFO: Logbook: Bagged Validation Accuracy 1.000
[2017-03-30 03:24:46.223658] INFO: Logbook: Bagged Validation Logloss 0.027
[2017-03-30 03:24:46.223813] INFO: Logbook: Bagged Validation Accuracy 1.000
[2017-03-30 03:24:46.223881] INFO: Logbook: Bagging Round 36
[2017-03-30 03:29:32.662066] INFO: Logbook: Bagged Validation Logloss 0.027
[2017-03-30 03:29:32.662230] INFO: Logbook: Bagged Validation Accuracy 1.000
[2017-03-30 03:30:11.135284] INFO: Logbook: Bagged Validation Logloss 0.027
[2017-03-30 03:30:11.135446] INFO: Logbook: Bagged Validation Accuracy 1.000
[2017-03-30 03:30:49.607201] INFO: Logbook: Bagged Validation Logloss 0.027
[2017-03-30 03:30:49.607362] INFO: Logbook: Bagged Validation Accuracy 1.000
[2017-03-30 03:31:28.062909] INFO: Logbook: Bagged Validation Logloss 0.027
[2017-03-30 03:31:28.063070] INFO: Logbook: Bagged Validation Accuracy 1.000
[2017-03-30 03:32:06.526626] INFO: Logbook: Bagged Validation Logloss 0.027
[2017-03-30 03:32:06.526792] INFO: Logbook: Bagged Validation Accuracy 1.000
[2017-03-30 03:32:44.965184] INFO: Logbook: Bagged Validation Logloss 0.027
[2017-03-30 03:32:44.965347] INFO: Logbook: Bagged Validation Accuracy 1.000
[2017-03-30 03:33:23.480452] INFO: Logbook: Bagged Validation Logloss 0.027
[2017-03-30 03:33:23.480618] INFO: Logbook: Bagged Validation Accuracy 1.000
[2017-03-30 03:34:01.939576] INFO: Logbook: Bagged Validation Logloss 0.027
[2017-03-30 03:34:01.939732] INFO: Logbook: Bagged Validation Accuracy 1.000
[2017-03-30 03:34:01.939810] INFO: Logbook: Bagging Round 37
[2017-03-30 03:38:49.056552] INFO: Logbook: Bagged Validation Logloss 0.027
[2017-03-30 03:38:49.056715] INFO: Logbook: Bagged Validation Accuracy 1.000
[2017-03-30 03:39:27.561833] INFO: Logbook: Bagged Validation Logloss 0.027
[2017-03-30 03:39:27.561997] INFO: Logbook: Bagged Validation Accuracy 1.000
[2017-03-30 03:40:06.054881] INFO: Logbook: Bagged Validation Logloss 0.027
[2017-03-30 03:40:06.055036] INFO: Logbook: Bagged Validation Accuracy 1.000
[2017-03-30 03:40:44.539267] INFO: Logbook: Bagged Validation Logloss 0.027
[2017-03-30 03:40:44.539426] INFO: Logbook: Bagged Validation Accuracy 1.000
[2017-03-30 03:41:23.012871] INFO: Logbook: Bagged Validation Logloss 0.027
[2017-03-30 03:41:23.013026] INFO: Logbook: Bagged Validation Accuracy 1.000
[2017-03-30 03:42:01.487320] INFO: Logbook: Bagged Validation Logloss 0.027
[2017-03-30 03:42:01.487482] INFO: Logbook: Bagged Validation Accuracy 1.000
[2017-03-30 03:42:39.951428] INFO: Logbook: Bagged Validation Logloss 0.027
[2017-03-30 03:42:39.951602] INFO: Logbook: Bagged Validation Accuracy 1.000
[2017-03-30 03:43:18.421471] INFO: Logbook: Bagged Validation Logloss 0.027
[2017-03-30 03:43:18.421628] INFO: Logbook: Bagged Validation Accuracy 1.000
[2017-03-30 03:43:18.421697] INFO: Logbook: Bagging Round 38
[2017-03-30 03:48:05.336460] INFO: Logbook: Bagged Validation Logloss 0.027
[2017-03-30 03:48:05.336621] INFO: Logbook: Bagged Validation Accuracy 1.000
[2017-03-30 03:48:43.876316] INFO: Logbook: Bagged Validation Logloss 0.027
[2017-03-30 03:48:43.876478] INFO: Logbook: Bagged Validation Accuracy 1.000
[2017-03-30 03:49:22.496904] INFO: Logbook: Bagged Validation Logloss 0.027
[2017-03-30 03:49:22.497066] INFO: Logbook: Bagged Validation Accuracy 1.000
[2017-03-30 03:50:01.028744] INFO: Logbook: Bagged Validation Logloss 0.026
[2017-03-30 03:50:01.028924] INFO: Logbook: Bagged Validation Accuracy 1.000
[2017-03-30 03:50:39.549958] INFO: Logbook: Bagged Validation Logloss 0.026
[2017-03-30 03:50:39.550122] INFO: Logbook: Bagged Validation Accuracy 1.000
[2017-03-30 03:51:18.109354] INFO: Logbook: Bagged Validation Logloss 0.026
[2017-03-30 03:51:18.109516] INFO: Logbook: Bagged Validation Accuracy 1.000
[2017-03-30 03:51:56.647580] INFO: Logbook: Bagged Validation Logloss 0.026
[2017-03-30 03:51:56.647740] INFO: Logbook: Bagged Validation Accuracy 1.000
[2017-03-30 03:52:35.172207] INFO: Logbook: Bagged Validation Logloss 0.026
[2017-03-30 03:52:35.172368] INFO: Logbook: Bagged Validation Accuracy 1.000
[2017-03-30 03:52:35.172436] INFO: Logbook: Bagging Round 39
[2017-03-30 03:57:22.062456] INFO: Logbook: Bagged Validation Logloss 0.026
[2017-03-30 03:57:22.062620] INFO: Logbook: Bagged Validation Accuracy 1.000
[2017-03-30 03:58:00.610239] INFO: Logbook: Bagged Validation Logloss 0.026
[2017-03-30 03:58:00.610400] INFO: Logbook: Bagged Validation Accuracy 1.000
[2017-03-30 03:58:39.300438] INFO: Logbook: Bagged Validation Logloss 0.026
[2017-03-30 03:58:39.300596] INFO: Logbook: Bagged Validation Accuracy 1.000
[2017-03-30 03:59:18.098421] INFO: Logbook: Bagged Validation Logloss 0.026
[2017-03-30 03:59:18.098581] INFO: Logbook: Bagged Validation Accuracy 1.000
[2017-03-30 03:59:57.068519] INFO: Logbook: Bagged Validation Logloss 0.026
[2017-03-30 03:59:57.068679] INFO: Logbook: Bagged Validation Accuracy 1.000
[2017-03-30 04:00:35.874302] INFO: Logbook: Bagged Validation Logloss 0.026
[2017-03-30 04:00:35.874458] INFO: Logbook: Bagged Validation Accuracy 1.000
[2017-03-30 04:01:14.655319] INFO: Logbook: Bagged Validation Logloss 0.026
[2017-03-30 04:01:14.655480] INFO: Logbook: Bagged Validation Accuracy 1.000
[2017-03-30 04:01:53.351759] INFO: Logbook: Bagged Validation Logloss 0.026
[2017-03-30 04:01:53.351929] INFO: Logbook: Bagged Validation Accuracy 1.000
[2017-03-30 04:01:53.367780] INFO: Logbook: Done - files @ ../sub/subm_full_conv_anno_1.csv
